C:\USERS\TEDY\DESKTOP\TEMPORäR\GITPORTABLE\DATA\HOME\KOTH-RUN-APP\DEBUG\KOTH.EXE
C:\USERS\TEDY\DESKTOP\TEMPORäR\GITPORTABLE\DATA\HOME\KOTH-RUN-APP\DEBUG\KOTH.ILK
C:\USERS\TEDY\DESKTOP\TEMPORÄR\GITPORTABLE\DATA\HOME\KOTH-RUN-APP\DEBUG\KOTH.PDB
C:\USERS\TEDY\DESKTOP\TEMPORäR\GITPORTABLE\DATA\HOME\KOTH-RUN-APP\KOTH_CODE\DEBUG\.NETFRAMEWORK,VERSION=V4.0.ASSEMBLYATTRIBUTES.OBJ
C:\USERS\TEDY\DESKTOP\TEMPORäR\GITPORTABLE\DATA\HOME\KOTH-RUN-APP\KOTH_CODE\DEBUG\APP.RES
C:\USERS\TEDY\DESKTOP\TEMPORäR\GITPORTABLE\DATA\HOME\KOTH-RUN-APP\KOTH_CODE\DEBUG\ASSEMBLYINFO.OBJ
C:\Users\Tedy\Desktop\Temporär\GitPortable\Data\home\koth-run-app\koth_code\Debug\cl.command.1.tlog
C:\Users\Tedy\Desktop\Temporär\GitPortable\Data\home\koth-run-app\koth_code\Debug\CL.read.1.tlog
C:\Users\Tedy\Desktop\Temporär\GitPortable\Data\home\koth-run-app\koth_code\Debug\CL.write.1.tlog
C:\USERS\TEDY\DESKTOP\TEMPORäR\GITPORTABLE\DATA\HOME\KOTH-RUN-APP\KOTH_CODE\DEBUG\KOTH.EXE.INTERMEDIATE.MANIFEST
C:\USERS\TEDY\DESKTOP\TEMPORäR\GITPORTABLE\DATA\HOME\KOTH-RUN-APP\KOTH_CODE\DEBUG\KOTH.OBJ
C:\USERS\TEDY\DESKTOP\TEMPORäR\GITPORTABLE\DATA\HOME\KOTH-RUN-APP\KOTH_CODE\DEBUG\KOTH.PCH
C:\Users\Tedy\Desktop\Temporär\GitPortable\Data\home\koth-run-app\koth_code\Debug\koth.write.1.tlog
C:\Users\Tedy\Desktop\Temporär\GitPortable\Data\home\koth-run-app\koth_code\Debug\link.5552.read.1.tlog
C:\Users\Tedy\Desktop\Temporär\GitPortable\Data\home\koth-run-app\koth_code\Debug\link.5552.write.1.tlog
C:\Users\Tedy\Desktop\Temporär\GitPortable\Data\home\koth-run-app\koth_code\Debug\link.5552-cvtres.read.1.tlog
C:\Users\Tedy\Desktop\Temporär\GitPortable\Data\home\koth-run-app\koth_code\Debug\link.5552-cvtres.write.1.tlog
C:\Users\Tedy\Desktop\Temporär\GitPortable\Data\home\koth-run-app\koth_code\Debug\link.command.1.tlog
C:\Users\Tedy\Desktop\Temporär\GitPortable\Data\home\koth-run-app\koth_code\Debug\link.read.1.tlog
C:\Users\Tedy\Desktop\Temporär\GitPortable\Data\home\koth-run-app\koth_code\Debug\link.write.1.tlog
C:\Users\Tedy\Desktop\Temporär\GitPortable\Data\home\koth-run-app\koth_code\Debug\mt.command.1.tlog
C:\Users\Tedy\Desktop\Temporär\GitPortable\Data\home\koth-run-app\koth_code\Debug\mt.read.1.tlog
C:\Users\Tedy\Desktop\Temporär\GitPortable\Data\home\koth-run-app\koth_code\Debug\mt.write.1.tlog
C:\Users\Tedy\Desktop\Temporär\GitPortable\Data\home\koth-run-app\koth_code\Debug\rc.command.1.tlog
C:\Users\Tedy\Desktop\Temporär\GitPortable\Data\home\koth-run-app\koth_code\Debug\rc.read.1.tlog
C:\Users\Tedy\Desktop\Temporär\GitPortable\Data\home\koth-run-app\koth_code\Debug\rc.write.1.tlog
C:\USERS\TEDY\DESKTOP\TEMPORäR\GITPORTABLE\DATA\HOME\KOTH-RUN-APP\KOTH_CODE\DEBUG\STDAFX.OBJ
C:\USERS\TEDY\DESKTOP\TEMPORÄR\GITPORTABLE\DATA\HOME\KOTH-RUN-APP\KOTH_CODE\DEBUG\VC100.PDB
